<?xml version="1.0" encoding="UTF-8"?>
<!-- Generated by org.testng.reporters.JUnitReportReporter -->
<testsuite hostname="Bhagyashree" failures="0" tests="3" name="tsetNGPackage.Demo" time="0.003" errors="0" timestamp="2023-11-29T12:02:05 IST" skipped="0">
  <testcase classname="tsetNGPackage.Demo" name="method3" time="0.001">
    <system-out>
      <![CDATA[Method3 from Demo class]]>
    </system-out>
  </testcase> <!-- method3 -->
  <testcase classname="tsetNGPackage.Demo" name="method1" time="0.001">
    <system-out>
      <![CDATA[Method1 from Demo class!!!]]>
    </system-out>
  </testcase> <!-- method1 -->
  <testcase classname="tsetNGPackage.Demo" name="method2" time="0.001">
    <system-out>
      <![CDATA[Method2 from Demo class!!!]]>
    </system-out>
  </testcase> <!-- method2 -->
  <system-out>
    <![CDATA[Method from Remo Class!!!
Method from Sumo Class!!!
Method1 from Demo class!!!
Method2 from Demo class!!!
Method3 from Demo class]]>
  </system-out>
</testsuite> <!-- tsetNGPackage.Demo -->
