<?xml version="1.0" encoding="UTF-8"?>
<!-- Generated by org.testng.reporters.JUnitReportReporter -->
<testsuite hostname="Bhagyashree" failures="0" tests="6" name="TestNGAnnotationPackage.Flag6" time="0.019" errors="0" timestamp="2023-12-04T12:29:00 IST" skipped="0">
  <testcase classname="TestNGAnnotationPackage.Flag6" name="ft2" time="0.002">
    <system-out>
      <![CDATA[ft2]]>
    </system-out>
  </testcase> <!-- ft2 -->
  <testcase classname="TestNGAnnotationPackage.Flag6" name="ft1" time="0.012">
    <system-out>
      <![CDATA[ft1]]>
    </system-out>
  </testcase> <!-- ft1 -->
  <testcase classname="TestNGAnnotationPackage.Flag6" name="ft5" time="0.001">
    <system-out>
      <![CDATA[ft5]]>
    </system-out>
  </testcase> <!-- ft5 -->
  <testcase classname="TestNGAnnotationPackage.Flag6" name="ft3" time="0.002">
    <system-out>
      <![CDATA[ft3]]>
    </system-out>
  </testcase> <!-- ft3 -->
  <testcase classname="TestNGAnnotationPackage.Flag6" name="ft6" time="0.001">
    <system-out>
      <![CDATA[ft6]]>
    </system-out>
  </testcase> <!-- ft6 -->
  <testcase classname="TestNGAnnotationPackage.Flag6" name="ft4" time="0.001">
    <system-out>
      <![CDATA[ft4]]>
    </system-out>
  </testcase> <!-- ft4 -->
  <system-out>
    <![CDATA[ft1
ft2
ft3
ft4
ft5
ft6]]>
  </system-out>
</testsuite> <!-- TestNGAnnotationPackage.Flag6 -->
