<?xml version="1.0" encoding="UTF-8"?>
<!-- Generated by org.testng.reporters.JUnitReportReporter -->
<testsuite hostname="Bhagyashree" failures="0" tests="2" name="testNGExecutionPackage.SeleniumTest" time="222.513" errors="0" timestamp="2023-11-30T12:23:40 IST" skipped="0">
  <testcase classname="testNGExecutionPackage.SeleniumTest" name="java_method" time="102.920"/>
  <testcase classname="testNGExecutionPackage.SeleniumTest" name="java_method" time="119.593"/>
</testsuite> <!-- testNGExecutionPackage.SeleniumTest -->
