<?xml version="1.0" encoding="UTF-8"?>
<!-- Generated by org.testng.reporters.JUnitReportReporter -->
<testsuite hostname="Bhagyashree" failures="0" tests="1" name="testNGExecutionPackage.SqlTest" time="76.032" errors="0" timestamp="2023-11-30T12:01:39 IST" skipped="0">
  <testcase classname="testNGExecutionPackage.SqlTest" name="java_method" time="76.032"/>
</testsuite> <!-- testNGExecutionPackage.SqlTest -->
