<?xml version="1.0" encoding="UTF-8"?>
<!-- Generated by org.testng.reporters.JUnitReportReporter -->
<testsuite hostname="Bhagyashree" failures="0" tests="2" name="testNGExecutionPackage.JavaTest" time="157.516" errors="0" timestamp="2023-11-30T12:23:40 IST" skipped="0">
  <testcase classname="testNGExecutionPackage.JavaTest" name="java_method" time="57.880"/>
  <testcase classname="testNGExecutionPackage.JavaTest" name="java_method" time="99.636"/>
</testsuite> <!-- testNGExecutionPackage.JavaTest -->
