<?xml version="1.0" encoding="UTF-8"?>
<!-- Generated by org.testng.reporters.JUnitReportReporter -->
<testsuite hostname="Bhagyashree" failures="0" tests="2" name="testNGExecutionPackage.Test3" time="0.013" errors="0" timestamp="2023-11-30T12:11:12 IST" skipped="0">
  <testcase classname="testNGExecutionPackage.Test3" name="method2" time="0.001">
    <system-out>
      <![CDATA[Method2 from Test3 class!!]]>
    </system-out>
  </testcase> <!-- method2 -->
  <testcase classname="testNGExecutionPackage.Test3" name="method1" time="0.012">
    <system-out>
      <![CDATA[Method1 from Test3 class!!]]>
    </system-out>
  </testcase> <!-- method1 -->
  <system-out>
    <![CDATA[Method1 from Test3 class!!
Method2 from Test3 class!!
Method1 from Test2 class!!
Method2 from Test2 class!!5
Method1 from Test1 class!!
Method2 from Test1 class!!]]>
  </system-out>
</testsuite> <!-- testNGExecutionPackage.Test3 -->
