<?xml version="1.0" encoding="UTF-8"?>
<!-- Generated by org.testng.reporters.JUnitReportReporter -->
<testsuite hostname="Bhagyashree" failures="0" tests="1" name="TestNGAnnotationPackage.Flag1" time="0.014" errors="0" timestamp="2023-12-03T16:09:28 IST" skipped="0">
  <testcase classname="TestNGAnnotationPackage.Flag1" name="method1" time="0.014">
    <system-out>
      <![CDATA[Method1 from Flag 1]]>
    </system-out>
  </testcase> <!-- method1 -->
  <system-out>
    <![CDATA[Method1 from Flag 1]]>
  </system-out>
</testsuite> <!-- TestNGAnnotationPackage.Flag1 -->
