<?xml version="1.0" encoding="UTF-8"?>
<!-- Generated by org.testng.reporters.JUnitReportReporter -->
<testsuite hostname="Bhagyashree" failures="0" tests="3" name="TestNGAnnotationPackage.Flag2" time="0.019" errors="0" timestamp="2023-12-03T16:11:09 IST" skipped="1">
  <testcase classname="TestNGAnnotationPackage.Flag2" name="method1" time="0.016">
    <system-out>
      <![CDATA[Method1 For Login Page]]>
    </system-out>
  </testcase> <!-- method1 -->
  <testcase classname="TestNGAnnotationPackage.Flag2" name="method2" time="0.003">
    <system-out>
      <![CDATA[Method2 For Users Page ]]>
    </system-out>
  </testcase> <!-- method2 -->
  <testcase classname="TestNGAnnotationPackage.Flag2" name="method3">
    <skipped/>
  </testcase> <!-- method3 -->
  <system-out>
    <![CDATA[Method1 For Login Page
Method2 For Users Page ]]>
  </system-out>
</testsuite> <!-- TestNGAnnotationPackage.Flag2 -->
