<?xml version="1.0" encoding="UTF-8"?>
<!-- Generated by org.testng.reporters.JUnitReportReporter -->
<testsuite hostname="Bhagyashree" failures="0" tests="2" name="TestNGAnnotationPackage.GoogleSearchTest" time="71.487" errors="0" timestamp="2023-12-01T12:30:03 IST" skipped="0">
  <testcase classname="TestNGAnnotationPackage.GoogleSearchTest" name="search_Java" time="44.349"/>
  <testcase classname="TestNGAnnotationPackage.GoogleSearchTest" name="search_Selenium" time="27.138"/>
</testsuite> <!-- TestNGAnnotationPackage.GoogleSearchTest -->
