<?xml version="1.0" encoding="UTF-8"?>
<!-- Generated by org.testng.reporters.JUnitReportReporter -->
<testsuite hostname="Bhagyashree" failures="0" tests="2" name="testNGExecutionPackage.SelectTest" time="39.618" errors="0" timestamp="2023-11-30T12:47:25 IST" skipped="0">
  <testcase classname="testNGExecutionPackage.SelectTest" name="selectTestMethod" time="18.786"/>
  <testcase classname="testNGExecutionPackage.SelectTest" name="selectTestMethod" time="20.832"/>
</testsuite> <!-- testNGExecutionPackage.SelectTest -->
