<?xml version="1.0" encoding="UTF-8"?>
<!-- Generated by org.testng.reporters.JUnitReportReporter -->
<testsuite hostname="Bhagyashree" failures="0" tests="5" name="TestNGAnnotationPackage.ActiTimeDataProviderFlag" time="44.314" errors="0" timestamp="2023-12-07T22:10:01 IST" skipped="0">
  <testcase classname="TestNGAnnotationPackage.ActiTimeDataProviderFlag" name="invalidLoginMethod" time="8.226"/>
  <testcase classname="TestNGAnnotationPackage.ActiTimeDataProviderFlag" name="invalidLoginMethod" time="6.895"/>
  <testcase classname="TestNGAnnotationPackage.ActiTimeDataProviderFlag" name="invalidLoginMethod" time="7.273"/>
  <testcase classname="TestNGAnnotationPackage.ActiTimeDataProviderFlag" name="invalidLoginMethod" time="12.860"/>
  <testcase classname="TestNGAnnotationPackage.ActiTimeDataProviderFlag" name="invalidLoginMethod" time="9.060"/>
</testsuite> <!-- TestNGAnnotationPackage.ActiTimeDataProviderFlag -->
