<?xml version="1.0" encoding="UTF-8"?>
<!-- Generated by org.testng.reporters.JUnitReportReporter -->
<testsuite hostname="Bhagyashree" failures="0" tests="2" name="TestNGAnnotationPackage.AnnotationsClass" time="0.009" errors="0" timestamp="2023-12-01T12:09:52 IST" skipped="0">
  <testcase classname="TestNGAnnotationPackage.AnnotationsClass" name="annotation_Test_Method" time="0.007">
    <system-out>
      <![CDATA[Test Annotation]]>
    </system-out>
  </testcase> <!-- annotation_Test_Method -->
  <testcase classname="TestNGAnnotationPackage.AnnotationsClass" name="test2" time="0.002">
    <system-out>
      <![CDATA[test2]]>
    </system-out>
  </testcase> <!-- test2 -->
  <system-out>
    <![CDATA[Before Suite Annotation
Before Class Annotation
Before Method Annotation
Test Annotation
After Method Annotation
Before Method Annotation
test2
After Method Annotation
After Class Annotation
After Test Annotation
After Suite Annotation]]>
  </system-out>
</testsuite> <!-- TestNGAnnotationPackage.AnnotationsClass -->
