<?xml version="1.0" encoding="UTF-8"?>
<!-- Generated by org.testng.reporters.JUnitReportReporter -->
<testsuite hostname="Bhagyashree" failures="0" tests="1" name="tsetNGPackage.Sumo" time="0.001" errors="0" timestamp="2023-11-29T12:02:05 IST" skipped="0">
  <testcase classname="tsetNGPackage.Sumo" name="method3" time="0.001">
    <system-out>
      <![CDATA[Method from Sumo Class!!!]]>
    </system-out>
  </testcase> <!-- method3 -->
  <system-out>
    <![CDATA[Method from Remo Class!!!
Method from Sumo Class!!!
Method1 from Demo class!!!
Method2 from Demo class!!!
Method3 from Demo class]]>
  </system-out>
</testsuite> <!-- tsetNGPackage.Sumo -->
