<?xml version="1.0" encoding="UTF-8"?>
<!-- Generated by org.testng.reporters.JUnitReportReporter -->
<testsuite hostname="Bhagyashree" failures="0" tests="1" name="tsetNGPackage.Remo" time="0.010" errors="0" timestamp="2023-11-29T12:02:05 IST" skipped="0">
  <testcase classname="tsetNGPackage.Remo" name="method2" time="0.010">
    <system-out>
      <![CDATA[Method from Remo Class!!!]]>
    </system-out>
  </testcase> <!-- method2 -->
  <system-out>
    <![CDATA[Method from Remo Class!!!
Method from Sumo Class!!!
Method1 from Demo class!!!
Method2 from Demo class!!!
Method3 from Demo class]]>
  </system-out>
</testsuite> <!-- tsetNGPackage.Remo -->
